<?xml version="1.0" encoding="UTF-8"?>
<testng-results skipped="0" failed="0" total="3" passed="3">
  <reporter-output>
  </reporter-output>
  <suite name="Default suite" duration-ms="102" started-at="2018-06-11T00:54:00Z" finished-at="2018-06-11T00:54:00Z">
    <groups>
    </groups>
    <test name="Default test" duration-ms="102" started-at="2018-06-11T00:54:00Z" finished-at="2018-06-11T00:54:00Z">
      <class name="adb.sample.api.AdbTest">
        <test-method status="PASS" signature="dummy()[pri:0, instance:adb.sample.api.AdbTest@4315e9af]" name="dummy" duration-ms="55" started-at="2018-06-10T17:54:00Z" finished-at="2018-06-10T17:54:00Z">
          <reporter-output>
          </reporter-output>
        </test-method> <!-- dummy -->
        <test-method status="PASS" signature="testHello()[pri:0, instance:adb.sample.api.AdbTest@4315e9af]" name="testHello" duration-ms="7" started-at="2018-06-10T17:54:00Z" finished-at="2018-06-10T17:54:00Z">
          <reporter-output>
          </reporter-output>
        </test-method> <!-- testHello -->
        <test-method status="PASS" signature="testHelloWithParams()[pri:0, instance:adb.sample.api.AdbTest@4315e9af]" name="testHelloWithParams" duration-ms="2" started-at="2018-06-10T17:54:00Z" finished-at="2018-06-10T17:54:00Z">
          <reporter-output>
          </reporter-output>
        </test-method> <!-- testHelloWithParams -->
      </class> <!-- adb.sample.api.AdbTest -->
    </test> <!-- Default test -->
  </suite> <!-- Default suite -->
</testng-results>
